<?xml version="1.0" encoding="UTF-8"?>
<testsuite xmlns:xsi="http://www.w3.org/2001/XMLSchema-instance" xsi:noNamespaceSchemaLocation="https://maven.apache.org/surefire/maven-surefire-plugin/xsd/surefire-test-report-3.0.xsd" version="3.0" name="Units.UnitTest" time="0.01" tests="7" errors="0" skipped="0" failures="0">
  <properties>
[...]
</properties>
  <testcase name="InfantryAttacks" classname="Units.UnitTest" time="0.001"/>
  <testcase name="RangedBonusResist" classname="Units.UnitTest" time="0.001"/>
  <testcase name="NamelessUnit" classname="Units.UnitTest" time="0.001"/>
  <testcase name="HealthlessUnit" classname="Units.UnitTest" time="0.001"/>
  <testcase name="CommanderUnitAttack" classname="Units.UnitTest" time="0.001"/>
  <testcase name="CavalryChargeAttacks" classname="Units.UnitTest" time="0.001"/>
  <testcase name="ArmorGreaterThanAttack" classname="Units.UnitTest" time="0"/>
</testsuite>